Vercel CLI 50.1.3
Retrieving project…
Deploying kaweis-projects/multi-platform-sync
Inspect: https://vercel.com/kaweis-projects/multi-platform-sync/BR3eCRKJAEkC7YYer2tcRQ1GFMJi [1s]
Production: https://multi-platform-sync-98d1guwyb-kaweis-projects.vercel.app [1s]
https://multi-platform-sync-98d1guwyb-kaweis-projects.vercel.appBuilding...
Building...
Building: Running build in Washington, D.C., USA (East) – iad1
Building: Build machine configuration: 2 cores, 8 GB
Building: Retrieving list of deployment files...
Building: Previous build caches not available.
Building: Downloading 78 deployment files...
Building: Running "vercel build"
Building: Vercel CLI 50.4.4
Building: Running "install" command: `npm install`...
Building: npm warn deprecated rimraf@3.0.2: Rimraf versions prior to v4 are no longer supported
Building: npm warn deprecated inflight@1.0.6: This module is not supported, and leaks memory. Do not use it. Check out lru-cache if you want a good and tested way to coalesce async requests by a key value, which is much more comprehensive and powerful.
Building: npm warn deprecated @humanwhocodes/config-array@0.13.0: Use @eslint/config-array instead
Building: npm warn deprecated @humanwhocodes/object-schema@2.0.3: Use @eslint/object-schema instead
Building: npm warn deprecated glob@7.2.3: Glob versions prior to v9 are no longer supported
Building: npm warn deprecated eslint@8.57.1: This version is no longer supported. Please see https://eslint.org/version-support for other options.
Building: npm warn deprecated next@14.1.0: This version has a security vulnerability. Please upgrade to a patched version. See https://nextjs.org/blog/security-update-2025-12-11 for more details.
Building: > multi-platform-sync@1.0.0 postinstall
Building: > echo 'Dependencies installed successfully'
Building: Dependencies installed successfully
Building: added 530 packages, and audited 531 packages in 20s
Building: 156 packages are looking for funding
Building: run `npm fund` for details
Building: 6 vulnerabilities (2 low, 3 high, 1 critical)
Building: To address all issues (including breaking changes), run:
Building: npm audit fix --force
Building: Run `npm audit` for details.
Building: Detected Next.js version: 14.1.0
Building: Running "next build"
Building: Attention: Next.js now collects completely anonymous telemetry regarding usage.
Building: This information is used to shape Next.js' roadmap and prioritize features.
Building: You can learn more, including how to opt-out if you'd not like to participate in this anonymous program, by visiting the following URL:
Building: https://nextjs.org/telemetry
Building: ▲ Next.js 14.1.0
Building: Creating an optimized production build ...
Building: ✓ Compiled successfully
Building: Linting and checking validity of types ...
Building: Failed to compile.
Building: ./src/lib/supabase/database.ts:82:8
Building: Type error: No overload matches this call.
Building: Overload 1 of 2, '(values: never, options?: { count?: "exact" | "planned" | "estimated" | undefined; } | undefined): PostgrestFilterBuilder<{ PostgrestVersion: "12"; }, never, never, null, "products", never, "POST">', gave the following error.
Building: Argument of type '{ org_id: string; created_by: string | undefined; updated_by: string | undefined; name: string; is_deleted: boolean; sku: string; description: string; base_price: number; cost_price: number; ... 10 more ...; metadata: Record<string, unknown>; }' is not assignable to parameter of type 'never'.
Building: Overload 2 of 2, '(values: never[], options?: { count?: "exact" | "planned" | "estimated" | undefined; defaultToNull?: boolean | undefined; } | undefined): PostgrestFilterBuilder<{ PostgrestVersion: "12"; }, never, never, null, "products", never, "POST">', gave the following error.
Building: Object literal may only specify known properties, and 'org_id' does not exist in type 'never[]'.
Building: 80 |     const { data, error } = await supabase
Building: 81 |       .from('products')
Building: > 82 |       .insert({
Building: |        ^
Building: 83 |         ...product,
Building: 84 |         org_id: orgId,
Building: 85 |         created_by: userId,
Building: Error: Command "next build" exited with 1
Error: Command "next build" exited with 1
